{"C:\\Users\\adria\\OneDrive\\Desktop\\EJERCICIO 5 api\\src\\app.js": {"path":"C:\\Users\\adria\\OneDrive\\Desktop\\EJERCICIO 5 api\\src\\app.js","statementMap":{"0":{"start":{"line":1,"column":16},"end":{"line":1,"column":34}},"1":{"start":{"line":2,"column":12},"end":{"line":2,"column":21}},"2":{"start":{"line":3,"column":0},"end":{"line":3,"column":24}},"3":{"start":{"line":5,"column":15},"end":{"line":8,"column":1}},"4":{"start":{"line":9,"column":13},"end":{"line":9,"column":14}},"5":{"start":{"line":13,"column":2},"end":{"line":16,"column":4}},"6":{"start":{"line":17,"column":2},"end":{"line":17,"column":13}},"7":{"start":{"line":21,"column":0},"end":{"line":23,"column":3}},"8":{"start":{"line":22,"column":2},"end":{"line":22,"column":21}},"9":{"start":{"line":26,"column":0},"end":{"line":30,"column":3}},"10":{"start":{"line":27,"column":18},"end":{"line":27,"column":68}},"11":{"start":{"line":27,"column":37},"end":{"line":27,"column":67}},"12":{"start":{"line":28,"column":2},"end":{"line":28,"column":82}},"13":{"start":{"line":28,"column":16},"end":{"line":28,"column":82}},"14":{"start":{"line":29,"column":2},"end":{"line":29,"column":20}},"15":{"start":{"line":33,"column":0},"end":{"line":54,"column":3}},"16":{"start":{"line":34,"column":33},"end":{"line":34,"column":41}},"17":{"start":{"line":36,"column":2},"end":{"line":38,"column":3}},"18":{"start":{"line":37,"column":4},"end":{"line":37,"column":74}},"19":{"start":{"line":39,"column":2},"end":{"line":41,"column":3}},"20":{"start":{"line":40,"column":4},"end":{"line":40,"column":75}},"21":{"start":{"line":42,"column":2},"end":{"line":44,"column":3}},"22":{"start":{"line":43,"column":4},"end":{"line":43,"column":72}},"23":{"start":{"line":46,"column":21},"end":{"line":51,"column":3}},"24":{"start":{"line":52,"column":2},"end":{"line":52,"column":28}},"25":{"start":{"line":53,"column":2},"end":{"line":53,"column":35}},"26":{"start":{"line":57,"column":0},"end":{"line":63,"column":3}},"27":{"start":{"line":58,"column":18},"end":{"line":58,"column":68}},"28":{"start":{"line":58,"column":37},"end":{"line":58,"column":67}},"29":{"start":{"line":59,"column":2},"end":{"line":59,"column":82}},"30":{"start":{"line":59,"column":16},"end":{"line":59,"column":82}},"31":{"start":{"line":61,"column":2},"end":{"line":61,"column":35}},"32":{"start":{"line":62,"column":2},"end":{"line":62,"column":20}},"33":{"start":{"line":66,"column":0},"end":{"line":72,"column":3}},"34":{"start":{"line":67,"column":16},"end":{"line":67,"column":71}},"35":{"start":{"line":67,"column":40},"end":{"line":67,"column":70}},"36":{"start":{"line":68,"column":2},"end":{"line":68,"column":86}},"37":{"start":{"line":68,"column":20},"end":{"line":68,"column":86}},"38":{"start":{"line":70,"column":2},"end":{"line":70,"column":28}},"39":{"start":{"line":71,"column":2},"end":{"line":71,"column":59}},"40":{"start":{"line":74,"column":0},"end":{"line":74,"column":40}}},"fnMap":{"0":{"name":"resetContacts","decl":{"start":{"line":12,"column":9},"end":{"line":12,"column":22}},"loc":{"start":{"line":12,"column":25},"end":{"line":18,"column":1}},"line":12},"1":{"name":"(anonymous_1)","decl":{"start":{"line":21,"column":25},"end":{"line":21,"column":26}},"loc":{"start":{"line":21,"column":39},"end":{"line":23,"column":1}},"line":21},"2":{"name":"(anonymous_2)","decl":{"start":{"line":26,"column":29},"end":{"line":26,"column":30}},"loc":{"start":{"line":26,"column":43},"end":{"line":30,"column":1}},"line":26},"3":{"name":"(anonymous_3)","decl":{"start":{"line":27,"column":32},"end":{"line":27,"column":33}},"loc":{"start":{"line":27,"column":37},"end":{"line":27,"column":67}},"line":27},"4":{"name":"(anonymous_4)","decl":{"start":{"line":33,"column":26},"end":{"line":33,"column":27}},"loc":{"start":{"line":33,"column":40},"end":{"line":54,"column":1}},"line":33},"5":{"name":"(anonymous_5)","decl":{"start":{"line":57,"column":29},"end":{"line":57,"column":30}},"loc":{"start":{"line":57,"column":43},"end":{"line":63,"column":1}},"line":57},"6":{"name":"(anonymous_6)","decl":{"start":{"line":58,"column":32},"end":{"line":58,"column":33}},"loc":{"start":{"line":58,"column":37},"end":{"line":58,"column":67}},"line":58},"7":{"name":"(anonymous_7)","decl":{"start":{"line":66,"column":32},"end":{"line":66,"column":33}},"loc":{"start":{"line":66,"column":46},"end":{"line":72,"column":1}},"line":66},"8":{"name":"(anonymous_8)","decl":{"start":{"line":67,"column":35},"end":{"line":67,"column":36}},"loc":{"start":{"line":67,"column":40},"end":{"line":67,"column":70}},"line":67}},"branchMap":{"0":{"loc":{"start":{"line":28,"column":2},"end":{"line":28,"column":82}},"type":"if","locations":[{"start":{"line":28,"column":2},"end":{"line":28,"column":82}},{"start":{},"end":{}}],"line":28},"1":{"loc":{"start":{"line":36,"column":2},"end":{"line":38,"column":3}},"type":"if","locations":[{"start":{"line":36,"column":2},"end":{"line":38,"column":3}},{"start":{},"end":{}}],"line":36},"2":{"loc":{"start":{"line":36,"column":6},"end":{"line":36,"column":33}},"type":"binary-expr","locations":[{"start":{"line":36,"column":6},"end":{"line":36,"column":11}},{"start":{"line":36,"column":15},"end":{"line":36,"column":33}}],"line":36},"3":{"loc":{"start":{"line":39,"column":2},"end":{"line":41,"column":3}},"type":"if","locations":[{"start":{"line":39,"column":2},"end":{"line":41,"column":3}},{"start":{},"end":{}}],"line":39},"4":{"loc":{"start":{"line":39,"column":6},"end":{"line":39,"column":35}},"type":"binary-expr","locations":[{"start":{"line":39,"column":6},"end":{"line":39,"column":12}},{"start":{"line":39,"column":16},"end":{"line":39,"column":35}}],"line":39},"5":{"loc":{"start":{"line":42,"column":2},"end":{"line":44,"column":3}},"type":"if","locations":[{"start":{"line":42,"column":2},"end":{"line":44,"column":3}},{"start":{},"end":{}}],"line":42},"6":{"loc":{"start":{"line":50,"column":11},"end":{"line":50,"column":24}},"type":"binary-expr","locations":[{"start":{"line":50,"column":11},"end":{"line":50,"column":16}},{"start":{"line":50,"column":20},"end":{"line":50,"column":24}}],"line":50},"7":{"loc":{"start":{"line":59,"column":2},"end":{"line":59,"column":82}},"type":"if","locations":[{"start":{"line":59,"column":2},"end":{"line":59,"column":82}},{"start":{},"end":{}}],"line":59},"8":{"loc":{"start":{"line":68,"column":2},"end":{"line":68,"column":86}},"type":"if","locations":[{"start":{"line":68,"column":2},"end":{"line":68,"column":86}},{"start":{},"end":{}}],"line":68}},"s":{"0":1,"1":1,"2":1,"3":1,"4":1,"5":13,"6":13,"7":1,"8":2,"9":1,"10":3,"11":4,"12":3,"13":2,"14":1,"15":1,"16":4,"17":4,"18":1,"19":3,"20":1,"21":2,"22":1,"23":1,"24":1,"25":1,"26":1,"27":2,"28":3,"29":2,"30":1,"31":1,"32":1,"33":1,"34":3,"35":4,"36":3,"37":1,"38":2,"39":2,"40":1},"f":{"0":13,"1":2,"2":3,"3":4,"4":4,"5":2,"6":3,"7":3,"8":4},"b":{"0":[2,1],"1":[1,3],"2":[4,3],"3":[1,2],"4":[3,2],"5":[1,1],"6":[1,1],"7":[1,1],"8":[1,2]},"_coverageSchema":"1a1c01bbd47fc00a2c39e90264f33305004495a9","hash":"a65a8fffaf82e532db8588982542092c5c548912"}
}
