TN:
SF:src\app.js
FN:12,resetContacts
FN:21,(anonymous_1)
FN:26,(anonymous_2)
FN:27,(anonymous_3)
FN:33,(anonymous_4)
FN:57,(anonymous_5)
FN:58,(anonymous_6)
FN:66,(anonymous_7)
FN:67,(anonymous_8)
FNF:9
FNH:9
FNDA:13,resetContacts
FNDA:2,(anonymous_1)
FNDA:3,(anonymous_2)
FNDA:4,(anonymous_3)
FNDA:4,(anonymous_4)
FNDA:2,(anonymous_5)
FNDA:3,(anonymous_6)
FNDA:3,(anonymous_7)
FNDA:4,(anonymous_8)
DA:1,1
DA:2,1
DA:3,1
DA:5,1
DA:9,1
DA:13,13
DA:17,13
DA:21,1
DA:22,2
DA:26,1
DA:27,4
DA:28,3
DA:29,1
DA:33,1
DA:34,4
DA:36,4
DA:37,1
DA:39,3
DA:40,1
DA:42,2
DA:43,1
DA:46,1
DA:52,1
DA:53,1
DA:57,1
DA:58,3
DA:59,2
DA:61,1
DA:62,1
DA:66,1
DA:67,4
DA:68,3
DA:70,2
DA:71,2
DA:74,1
LF:35
LH:35
BRDA:28,0,0,2
BRDA:28,0,1,1
BRDA:36,1,0,1
BRDA:36,1,1,3
BRDA:36,2,0,4
BRDA:36,2,1,3
BRDA:39,3,0,1
BRDA:39,3,1,2
BRDA:39,4,0,3
BRDA:39,4,1,2
BRDA:42,5,0,1
BRDA:42,5,1,1
BRDA:50,6,0,1
BRDA:50,6,1,1
BRDA:59,7,0,1
BRDA:59,7,1,1
BRDA:68,8,0,1
BRDA:68,8,1,2
BRF:18
BRH:18
end_of_record
